<?xml version="1.0" encoding="UTF-8"?>
<!-- Generated by org.testng.reporters.JUnitReportReporter -->
<testsuite hostname="Tasnim_39309" name="Alo" tests="1" failures="0" timestamp="24 Aug 2020 04:21:03 GMT" time="9.632" errors="0">
  <testcase name="test" time="9.632" classname="Alo"/>
</testsuite> <!-- Alo -->
