<?xml version="1.0" encoding="UTF-8"?>
<!-- Generated by org.testng.reporters.JUnitReportReporter -->
<testsuite hostname="Tasnim_39309" name="Automation.Basic" tests="1" failures="0" timestamp="24 Aug 2020 20:58:36 GMT" time="23.324" errors="0">
  <testcase name="test" time="23.324" classname="Automation.Basic"/>
</testsuite> <!-- Automation.Basic -->
